Arguments: 
  /Users/t-katayama/.nodebrew/node/v16.13.2/bin/node /Users/t-katayama/.nodebrew/current/bin/yarn add @aws-cdk/aws-lambda @aws-cdk/core @aws-cdk/aws-s3 @types/node aws-cdk ts-node typescript

PATH: 
  /Users/t-katayama/.rbenv/shims:/usr/local/opt/mysql-client/bin:/usr/local/opt/llvm/bin:/usr/local/opt/dosfstools/sbin/:/usr/local/opt/binutils/bin:/Library/Frameworks/Python.framework/Versions/3.10/bin:/Users/workspace/go/bin:/Users/t-katayama/.pyenv/bin:/Users/t-katayama/.nodebrew/current/bin:/usr/local/bin:/usr/bin:/bin:/usr/sbin:/sbin:/Users/t-katayama/.cargo/bin

Yarn version: 
  1.22.17

Node version: 
  16.13.2

Platform: 
  darwin x64

Trace: 
  Error: https://registry.yarnpkg.com/crc-32/-/crc-32-1.2.1.tgz: ESOCKETTIMEDOUT
      at ClientRequest.<anonymous> (/Users/t-katayama/.nodebrew/node/v16.13.2/lib/node_modules/yarn/lib/cli.js:141510:19)
      at Object.onceWrapper (node:events:509:28)
      at ClientRequest.emit (node:events:390:28)
      at TLSSocket.emitRequestTimeout (node:_http_client:763:9)
      at Object.onceWrapper (node:events:509:28)
      at TLSSocket.emit (node:events:402:35)
      at TLSSocket.Socket._onTimeout (node:net:501:8)
      at listOnTimeout (node:internal/timers:557:17)
      at processTimers (node:internal/timers:500:7)

npm manifest: 
  {
    "name": "functions",
    "version": "1.0.0",
    "description": "",
    "main": "index.js",
    "scripts": {
      "test": "echo \"Error: no test specified\" && exit 1"
    },
    "author": "takurinton <takurinton@takurinton.com> (https://takurinton.dev/)",
    "license": "ISC"
  }

yarn manifest: 
  No manifest

Lockfile: 
  No lockfile
